tab-app/app/build/intermediates/manifest_merge_blame_file/debug/processDebugMainManifest/manifest-merger-blame-debug-report.txt
1<?xml version="1.0" encoding="utf-8"?>
2<manifest xmlns:android="http://schemas.android.com/apk/res/android"
3    package="com.storyteller.app"
4    android:versionCode="1"
5    android:versionName="1.0" >
6
7    <uses-sdk
8        android:minSdkVersion="26"
9        android:targetSdkVersion="34" />
10
11    <uses-permission android:name="android.permission.INTERNET" />
11-->src/main/AndroidManifest.xml:4:5-67
11-->src/main/AndroidManifest.xml:4:22-64
12    <uses-permission android:name="android.permission.RECORD_AUDIO" />
12-->src/main/AndroidManifest.xml:5:5-71
12-->src/main/AndroidManifest.xml:5:22-68
13    <uses-permission android:name="android.permission.MODIFY_AUDIO_SETTINGS" />
13-->src/main/AndroidManifest.xml:6:5-80
13-->src/main/AndroidManifest.xml:6:22-77
14    <uses-permission android:name="android.permission.BLUETOOTH_CONNECT" />
14-->src/main/AndroidManifest.xml:7:5-76
14-->src/main/AndroidManifest.xml:7:22-73
15
16    <uses-feature
16-->src/main/AndroidManifest.xml:8:5-88
17        android:name="android.hardware.microphone"
17-->src/main/AndroidManifest.xml:8:19-61
18        android:required="true" />
18-->src/main/AndroidManifest.xml:8:62-85
19    <uses-feature
19-->src/main/AndroidManifest.xml:9:5-85
20        android:name="android.hardware.camera"
20-->src/main/AndroidManifest.xml:9:19-57
21        android:required="false" />
21-->src/main/AndroidManifest.xml:9:58-82
22
23    <uses-permission android:name="android.permission.ACCESS_NETWORK_STATE" />
23-->[io.livekit:livekit-android:2.27.0] AndroidManifest.xml:22:5-79
23-->[io.livekit:livekit-android:2.27.0] AndroidManifest.xml:22:22-76
24    <uses-permission android:name="android.permission.CAMERA" />
24-->[io.livekit:livekit-android:2.27.0] AndroidManifest.xml:25:5-65
24-->[io.livekit:livekit-android:2.27.0] AndroidManifest.xml:25:22-62
25    <uses-permission android:name="android.permission.FOREGROUND_SERVICE" />
25-->[io.livekit:livekit-android:2.27.0] AndroidManifest.xml:26:5-77
25-->[io.livekit:livekit-android:2.27.0] AndroidManifest.xml:26:22-74
26    <uses-permission android:name="android.permission.FOREGROUND_SERVICE_MEDIA_PROJECTION" />
26-->[io.livekit:livekit-android:2.27.0] AndroidManifest.xml:27:5-94
26-->[io.livekit:livekit-android:2.27.0] AndroidManifest.xml:27:22-91
27
28    <permission
28-->[androidx.core:core:1.13.1] AndroidManifest.xml:22:5-24:47
29        android:name="com.storyteller.app.DYNAMIC_RECEIVER_NOT_EXPORTED_PERMISSION"
29-->[androidx.core:core:1.13.1] AndroidManifest.xml:23:9-81
30        android:protectionLevel="signature" />
30-->[androidx.core:core:1.13.1] AndroidManifest.xml:24:9-44
31
32    <uses-permission android:name="com.storyteller.app.DYNAMIC_RECEIVER_NOT_EXPORTED_PERMISSION" />
32-->[androidx.core:core:1.13.1] AndroidManifest.xml:26:5-97
32-->[androidx.core:core:1.13.1] AndroidManifest.xml:26:22-94
33    <uses-permission
33-->[com.github.davidliu:audioswitch:039a35aefab7747c557242fa216c9ea11743b604] AndroidManifest.xml:7:5-9:38
34        android:name="android.permission.BLUETOOTH"
34-->[com.github.davidliu:audioswitch:039a35aefab7747c557242fa216c9ea11743b604] AndroidManifest.xml:8:9-52
35        android:maxSdkVersion="30" />
35-->[com.github.davidliu:audioswitch:039a35aefab7747c557242fa216c9ea11743b604] AndroidManifest.xml:9:9-35
36
37    <application
37-->src/main/AndroidManifest.xml:11:5-30:19
38        android:name="com.storyteller.app.StoryTellerApp"
38-->src/main/AndroidManifest.xml:12:9-39
39        android:allowBackup="false"
39-->src/main/AndroidManifest.xml:13:9-36
40        android:appComponentFactory="androidx.core.app.CoreComponentFactory"
40-->[androidx.core:core:1.13.1] AndroidManifest.xml:28:18-86
41        android:debuggable="true"
42        android:extractNativeLibs="false"
43        android:icon="@mipmap/ic_launcher"
43-->src/main/AndroidManifest.xml:14:9-43
44        android:label="@string/app_name"
44-->src/main/AndroidManifest.xml:15:9-41
45        android:networkSecurityConfig="@xml/network_security_config"
45-->src/main/AndroidManifest.xml:16:9-69
46        android:theme="@android:style/Theme.Material.Light.NoActionBar"
46-->src/main/AndroidManifest.xml:17:9-72
47        android:usesCleartextTraffic="false" >
47-->src/main/AndroidManifest.xml:18:9-45
48        <activity
48-->src/main/AndroidManifest.xml:20:9-29:20
49            android:name="com.storyteller.app.MainActivity"
49-->src/main/AndroidManifest.xml:21:13-41
50            android:configChanges="orientation|screenSize|keyboardHidden"
50-->src/main/AndroidManifest.xml:24:13-74
51            android:exported="true"
51-->src/main/AndroidManifest.xml:22:13-36
52            android:screenOrientation="userLandscape" >
52-->src/main/AndroidManifest.xml:23:13-54
53            <intent-filter>
53-->src/main/AndroidManifest.xml:25:13-28:29
54                <action android:name="android.intent.action.MAIN" />
54-->src/main/AndroidManifest.xml:26:17-69
54-->src/main/AndroidManifest.xml:26:25-66
55
56                <category android:name="android.intent.category.LAUNCHER" />
56-->src/main/AndroidManifest.xml:27:17-77
56-->src/main/AndroidManifest.xml:27:27-74
57            </intent-filter>
58        </activity>
59
60        <service
60-->[io.livekit:livekit-android:2.27.0] AndroidManifest.xml:30:9-34:43
61            android:name="io.livekit.android.room.track.screencapture.ScreenCaptureService"
61-->[io.livekit:livekit-android:2.27.0] AndroidManifest.xml:31:13-92
62            android:enabled="true"
62-->[io.livekit:livekit-android:2.27.0] AndroidManifest.xml:32:13-35
63            android:foregroundServiceType="mediaProjection"
63-->[io.livekit:livekit-android:2.27.0] AndroidManifest.xml:33:13-60
64            android:stopWithTask="true" />
64-->[io.livekit:livekit-android:2.27.0] AndroidManifest.xml:34:13-40
65
66        <activity
66-->[androidx.compose.ui:ui-tooling-android:1.7.5] AndroidManifest.xml:23:9-25:39
67            android:name="androidx.compose.ui.tooling.PreviewActivity"
67-->[androidx.compose.ui:ui-tooling-android:1.7.5] AndroidManifest.xml:24:13-71
68            android:exported="true" />
68-->[androidx.compose.ui:ui-tooling-android:1.7.5] AndroidManifest.xml:25:13-36
69
70        <provider
70-->[androidx.emoji2:emoji2:1.3.0] AndroidManifest.xml:24:9-32:20
71            android:name="androidx.startup.InitializationProvider"
71-->[androidx.emoji2:emoji2:1.3.0] AndroidManifest.xml:25:13-67
72            android:authorities="com.storyteller.app.androidx-startup"
72-->[androidx.emoji2:emoji2:1.3.0] AndroidManifest.xml:26:13-68
73            android:exported="false" >
73-->[androidx.emoji2:emoji2:1.3.0] AndroidManifest.xml:27:13-37
74            <meta-data
74-->[androidx.emoji2:emoji2:1.3.0] AndroidManifest.xml:29:13-31:52
75                android:name="androidx.emoji2.text.EmojiCompatInitializer"
75-->[androidx.emoji2:emoji2:1.3.0] AndroidManifest.xml:30:17-75
76                android:value="androidx.startup" />
76-->[androidx.emoji2:emoji2:1.3.0] AndroidManifest.xml:31:17-49
77            <meta-data
77-->[androidx.lifecycle:lifecycle-process:2.8.7] AndroidManifest.xml:29:13-31:52
78                android:name="androidx.lifecycle.ProcessLifecycleInitializer"
78-->[androidx.lifecycle:lifecycle-process:2.8.7] AndroidManifest.xml:30:17-78
79                android:value="androidx.startup" />
79-->[androidx.lifecycle:lifecycle-process:2.8.7] AndroidManifest.xml:31:17-49
80            <meta-data
80-->[androidx.profileinstaller:profileinstaller:1.3.1] AndroidManifest.xml:29:13-31:52
81                android:name="androidx.profileinstaller.ProfileInstallerInitializer"
81-->[androidx.profileinstaller:profileinstaller:1.3.1] AndroidManifest.xml:30:17-85
82                android:value="androidx.startup" />
82-->[androidx.profileinstaller:profileinstaller:1.3.1] AndroidManifest.xml:31:17-49
83        </provider>
84
85        <receiver
85-->[androidx.profileinstaller:profileinstaller:1.3.1] AndroidManifest.xml:34:9-52:20
86            android:name="androidx.profileinstaller.ProfileInstallReceiver"
86-->[androidx.profileinstaller:profileinstaller:1.3.1] AndroidManifest.xml:35:13-76
87            android:directBootAware="false"
87-->[androidx.profileinstaller:profileinstaller:1.3.1] AndroidManifest.xml:36:13-44
88            android:enabled="true"
88-->[androidx.profileinstaller:profileinstaller:1.3.1] AndroidManifest.xml:37:13-35
89            android:exported="true"
89-->[androidx.profileinstaller:profileinstaller:1.3.1] AndroidManifest.xml:38:13-36
90            android:permission="android.permission.DUMP" >
90-->[androidx.profileinstaller:profileinstaller:1.3.1] AndroidManifest.xml:39:13-57
91            <intent-filter>
91-->[androidx.profileinstaller:profileinstaller:1.3.1] AndroidManifest.xml:40:13-42:29
92                <action android:name="androidx.profileinstaller.action.INSTALL_PROFILE" />
92-->[androidx.profileinstaller:profileinstaller:1.3.1] AndroidManifest.xml:41:17-91
92-->[androidx.profileinstaller:profileinstaller:1.3.1] AndroidManifest.xml:41:25-88
93            </intent-filter>
94            <intent-filter>
94-->[androidx.profileinstaller:profileinstaller:1.3.1] AndroidManifest.xml:43:13-45:29
95                <action android:name="androidx.profileinstaller.action.SKIP_FILE" />
95-->[androidx.profileinstaller:profileinstaller:1.3.1] AndroidManifest.xml:44:17-85
95-->[androidx.profileinstaller:profileinstaller:1.3.1] AndroidManifest.xml:44:25-82
96            </intent-filter>
97            <intent-filter>
97-->[androidx.profileinstaller:profileinstaller:1.3.1] AndroidManifest.xml:46:13-48:29
98                <action android:name="androidx.profileinstaller.action.SAVE_PROFILE" />
98-->[androidx.profileinstaller:profileinstaller:1.3.1] AndroidManifest.xml:47:17-88
98-->[androidx.profileinstaller:profileinstaller:1.3.1] AndroidManifest.xml:47:25-85
99            </intent-filter>
100            <intent-filter>
100-->[androidx.profileinstaller:profileinstaller:1.3.1] AndroidManifest.xml:49:13-51:29
101                <action android:name="androidx.profileinstaller.action.BENCHMARK_OPERATION" />
101-->[androidx.profileinstaller:profileinstaller:1.3.1] AndroidManifest.xml:50:17-95
101-->[androidx.profileinstaller:profileinstaller:1.3.1] AndroidManifest.xml:50:25-92
102            </intent-filter>
103        </receiver>
104    </application>
105
106</manifest>